<?xml version="1.0" encoding="UTF-8" ?>
<testsuite failures="0" time="0.773" errors="0" skipped="0" tests="4" name="ma.ensat.model.dao.EtudiantDaoTest">
  <properties>
[...]
</properties>
  <testcase time="0.005" classname="ma.ensat.model.dao.EtudiantDaoTest" name="rechercherEtudiantParIdInexistant"/>
  <testcase time="0.016" classname="ma.ensat.model.dao.EtudiantDaoTest" name="rechercherEtudiantParIdExistant"/>
  <testcase time="0.055" classname="ma.ensat.model.dao.EtudiantDaoTest" name="ajouterEtudiantTestCas1"/>
  <testcase time="0" classname="ma.ensat.model.dao.EtudiantDaoTest" name="ajouterEtudiantTestCas2"/>
</testsuite>